<?xml version="1.0" encoding="UTF-8"?>
<!-- Generated by org.testng.reporters.JUnitReportReporter -->
<testsuite skipped="0" hostname="HP-PC" name="PackageOrangeHrm.OrangeHRM.TestCases" tests="1" failures="0" timestamp="2020-01-14T15:23:13 IST" time="0.201" errors="0">
  <testcase name="GetLink" time="0.201" classname="PackageOrangeHrm.OrangeHRM.TestCases"/>
</testsuite> <!-- PackageOrangeHrm.OrangeHRM.TestCases -->
