<?xml version="1.0" encoding="UTF-8"?>
<!-- Generated by org.testng.reporters.JUnitReportReporter -->
<testsuite skipped="0" hostname="HP-PC" name="PackageOrangeHrm.OrangeHRM.LaunchChrome" tests="2" failures="0" timestamp="2020-01-16T09:07:34 IST" time="13.708" errors="0">
  <testcase name="TestPass" time="0.016" classname="PackageOrangeHrm.OrangeHRM.LaunchChrome"/>
  <testcase name="launchChrome" time="13.692" classname="PackageOrangeHrm.OrangeHRM.LaunchChrome"/>
</testsuite> <!-- PackageOrangeHrm.OrangeHRM.LaunchChrome -->
