<?xml version="1.0" encoding="UTF-8"?>
<!-- Generated by org.testng.reporters.JUnitReportReporter -->
<testsuite skipped="0" hostname="HP-PC" name="PackageOrangeHrm.OrangeHRM.BrowserLaunch" tests="2" failures="0" timestamp="2020-01-14T15:10:47 IST" time="64.736" errors="0">
  <testcase name="launchBrowser" time="64.735" classname="PackageOrangeHrm.OrangeHRM.BrowserLaunch"/>
  <testcase name="m1" time="0.001" classname="PackageOrangeHrm.OrangeHRM.BrowserLaunch"/>
</testsuite> <!-- PackageOrangeHrm.OrangeHRM.BrowserLaunch -->
