<?xml version="1.0" encoding="UTF-8"?>
<!-- Generated by org.testng.reporters.JUnitReportReporter -->
<testsuite skipped="0" hostname="HP-PC" name="PackageOrangeHrm.OrangeHRM.TestCases" tests="1" failures="0" timestamp="2020-01-15T14:35:02 IST" time="0.035" errors="0">
  <testcase name="GetLink" time="0.035" classname="PackageOrangeHrm.OrangeHRM.TestCases"/>
</testsuite> <!-- PackageOrangeHrm.OrangeHRM.TestCases -->
